<?xml version="1.0" encoding="UTF-8"?>
<!-- Generated by org.testng.reporters.JUnitXMLReporter -->
<testsuite ignored="0" hostname="KESHRI" failures="0" tests="1" name="Test-1" time="43.571" errors="0" timestamp="2025-02-23T14:30:54 IST">
  <testcase classname="createOrganisation.CreateOrganisationTC04Test" name="tc04Test" time="24.615"/>
</testsuite> <!-- Test-1 -->
