<?xml version="1.0" encoding="UTF-8"?>
<!-- Generated by org.testng.reporters.JUnitXMLReporter -->
<testsuite ignored="0" hostname="KESHRI" failures="0" tests="1" name="Test-2" time="39.885" errors="0" timestamp="2025-02-23T14:30:50 IST">
  <testcase classname="createOrganisation.CreateOrganisationTC04Test" name="tc04Test" time="26.513"/>
</testsuite> <!-- Test-2 -->
