<?xml version="1.0" encoding="UTF-8"?>
<!-- Generated by org.testng.reporters.JUnitXMLReporter -->
<testsuite ignored="0" hostname="KESHRI" failures="1" tests="1" name="Test-Runner1" time="1.021" errors="0" timestamp="2025-02-23T14:02:04 IST">
  <testcase classname="sriMataji.genericUtilities.BaseClass" name="@AfterTest afterMethod" time="0.001">
    <failure type="java.lang.IllegalStateException" message="WebDriver is not initialized! Ensure @BeforeMethod is executed.">
      <![CDATA[java.lang.IllegalStateException: WebDriver is not initialized! Ensure @BeforeMethod is executed.
at sriMataji.genericUtilities.BaseClass.getDriver(BaseClass.java:35)
at sriMataji.genericUtilities.BaseClass.afterMethod(BaseClass.java:149)
at java.base/java.util.concurrent.FutureTask.run(FutureTask.java:317)
at java.base/java.util.concurrent.ThreadPoolExecutor.runWorker(ThreadPoolExecutor.java:1144)
at java.base/java.util.concurrent.ThreadPoolExecutor$Worker.run(ThreadPoolExecutor.java:642)
at java.base/java.lang.Thread.run(Thread.java:1575)
... Removed 13 stack frames]]>
    </failure>
  </testcase> <!-- @AfterTest afterMethod -->
  <testcase classname="sriMataji.genericUtilities.BaseClass" name="@AfterTest afterMethod" time="0.001">
    <failure type="java.lang.IllegalStateException" message="WebDriver is not initialized! Ensure @BeforeMethod is executed.">
      <![CDATA[java.lang.IllegalStateException: WebDriver is not initialized! Ensure @BeforeMethod is executed.
at sriMataji.genericUtilities.BaseClass.getDriver(BaseClass.java:35)
at sriMataji.genericUtilities.BaseClass.afterMethod(BaseClass.java:149)
at java.base/java.util.concurrent.FutureTask.run(FutureTask.java:317)
at java.base/java.util.concurrent.ThreadPoolExecutor.runWorker(ThreadPoolExecutor.java:1144)
at java.base/java.util.concurrent.ThreadPoolExecutor$Worker.run(ThreadPoolExecutor.java:642)
at java.base/java.lang.Thread.run(Thread.java:1575)
... Removed 13 stack frames]]>
    </failure>
  </testcase> <!-- @AfterTest afterMethod -->
  <testcase classname="createOrganisation.CreateOrganisationTC04Test" name="tc04Test" time="0.95">
    <failure type="java.lang.IllegalStateException" message="WebDriver is not initialized! Ensure @BeforeMethod is executed.">
      <![CDATA[java.lang.IllegalStateException: WebDriver is not initialized! Ensure @BeforeMethod is executed.
at sriMataji.genericUtilities.BaseClass.getDriver(BaseClass.java:35)
at createOrganisation.CreateOrganisationTC04Test.tc04Test(CreateOrganisationTC04Test.java:22)
at java.base/java.util.ArrayList.forEach(ArrayList.java:1597)
at java.base/java.util.concurrent.FutureTask.run(FutureTask.java:317)
at java.base/java.util.concurrent.ThreadPoolExecutor.runWorker(ThreadPoolExecutor.java:1144)
at java.base/java.util.concurrent.ThreadPoolExecutor$Worker.run(ThreadPoolExecutor.java:642)
at java.base/java.lang.Thread.run(Thread.java:1575)
... Removed 16 stack frames]]>
    </failure>
  </testcase> <!-- tc04Test -->
</testsuite> <!-- Test-Runner1 -->
