<?xml version="1.0" encoding="UTF-8"?>
<!-- Generated by org.testng.reporters.JUnitReportReporter -->
<testsuite hostname="KESHRI" failures="0" tests="1" name="practice12.PracticeTestNGTest" time="0.014" errors="0" timestamp="2025-01-14T12:56:01 IST" skipped="0">
  <testcase classname="practice12.PracticeTestNGTest" name="practiceTestNG1Test" time="0.014"/>
  <system-out/>
</testsuite> <!-- practice12.PracticeTestNGTest -->
