<?xml version="1.0" encoding="UTF-8"?>
<!-- Generated by org.testng.reporters.JUnitReportReporter -->
<testsuite hostname="KESHRI" failures="0" tests="2" name="practice12.DataProviderTest" time="0.031" errors="0" timestamp="2025-01-19T11:20:00 IST" skipped="0">
  <testcase classname="practice12.DataProviderTest" name="addToCart" time="0.028"/>
  <system-out/>
  <testcase classname="practice12.DataProviderTest" name="addToCart" time="0.003"/>
  <system-out/>
</testsuite> <!-- practice12.DataProviderTest -->
