<?xml version="1.0" encoding="UTF-8"?>
<!-- Generated by org.testng.reporters.JUnitReportReporter -->
<testsuite hostname="KESHRI" failures="0" tests="1" name="createOrg.CreateContactWithLeadSource_TC03Test" time="30.567" errors="0" timestamp="2025-01-14T21:58:34 IST" skipped="0">
  <testcase classname="createOrg.CreateContactWithLeadSource_TC03Test" name="methodTC03" time="30.567"/>
  <system-out/>
</testsuite> <!-- createOrg.CreateContactWithLeadSource_TC03Test -->
