<?xml version="1.0" encoding="UTF-8"?>
<!-- Generated by org.testng.reporters.JUnitReportReporter -->
<testsuite hostname="KESHRI" failures="0" tests="1" name="createContact.CreateContactWithLeadSource_TC03Test" time="19.656" errors="0" timestamp="2025-02-02T16:03:58 IST" skipped="0">
  <testcase classname="createContact.CreateContactWithLeadSource_TC03Test" name="methodTC03" time="19.656"/>
  <system-out/>
</testsuite> <!-- createContact.CreateContactWithLeadSource_TC03Test -->
