<?xml version="1.0" encoding="UTF-8"?>
<!-- Generated by org.testng.reporters.JUnitReportReporter -->
<testsuite hostname="KESHRI" failures="0" tests="2" name="createLeads.TC_01" time="42.306" errors="0" timestamp="2025-02-23T16:32:08 IST" skipped="0">
  <testcase classname="createLeads.TC_01" name="methodTC_01" time="31.182"/>
  <system-out/>
  <testcase classname="createLeads.TC_01" name="methodTC_02" time="11.124"/>
  <system-out/>
</testsuite> <!-- createLeads.TC_01 -->
