<?xml version="1.0" encoding="UTF-8"?>
<!-- Generated by org.testng.reporters.JUnitReportReporter -->
<testsuite hostname="KESHRI" failures="0" tests="4" name="practice12.TestNgPractice1" time="0.014" errors="0" timestamp="2025-01-16T17:42:17 IST" skipped="1">
  <testcase classname="practice12.TestNgPractice1" name="createUser" time="0.001"/>
  <system-out/>
  <testcase classname="practice12.TestNgPractice1" name="createUser" time="0.011"/>
  <system-out/>
  <testcase classname="practice12.TestNgPractice1" name="updateUser" time="0.002"/>
  <system-out/>
  <testcase classname="practice12.TestNgPractice1" name="deleteUser">
    <skipped/>
  </testcase> <!-- deleteUser -->
  <system-out/>
</testsuite> <!-- practice12.TestNgPractice1 -->
