<?xml version="1.0" encoding="UTF-8"?>
<!-- Generated by org.testng.reporters.JUnitReportReporter -->
<testsuite hostname="KESHRI" failures="0" tests="2" name="createOrganisation.CreateOrganisationTC04Test" time="83.392" errors="0" timestamp="2025-02-23T14:30:54 IST" skipped="0">
  <testcase classname="createOrganisation.CreateOrganisationTC04Test" name="tc04Test" time="43.543"/>
  <system-out/>
  <testcase classname="createOrganisation.CreateOrganisationTC04Test" name="tc04Test" time="39.849"/>
  <system-out/>
</testsuite> <!-- createOrganisation.CreateOrganisationTC04Test -->
