<?xml version="1.0" encoding="UTF-8"?>
<!-- Generated by org.testng.reporters.JUnitReportReporter -->
<testsuite hostname="KESHRI" failures="0" tests="2" name="createContact.CreateContact_T01Test" time="37.864" errors="0" timestamp="2025-01-19T21:44:27 IST" skipped="0">
  <testcase classname="createContact.CreateContact_T01Test" name="tc01Test" time="30.534"/>
  <system-out/>
  <testcase classname="createContact.CreateContact_T01Test" name="demo" time="7.330"/>
  <system-out/>
</testsuite> <!-- createContact.CreateContact_T01Test -->
