<?xml version="1.0" encoding="UTF-8"?>
<!-- Generated by org.testng.reporters.JUnitReportReporter -->
<testsuite hostname="KESHRI" failures="0" tests="1" name="createContact.CreateContact_T01Test" time="10.189" errors="0" timestamp="2025-01-20T07:51:58 IST" skipped="0">
  <testcase classname="createContact.CreateContact_T01Test" name="demo" time="10.189"/>
  <system-out/>
</testsuite> <!-- createContact.CreateContact_T01Test -->
