<?xml version="1.0" encoding="UTF-8"?>
<!-- Generated by org.testng.reporters.JUnitReportReporter -->
<testsuite hostname="KESHRI" failures="0" tests="1" name="createLeads.TC_01" time="33.797" errors="0" timestamp="2025-02-24T22:53:56 IST" skipped="0">
  <testcase classname="createLeads.TC_01" name="methodTC_01" time="33.797"/>
  <system-out/>
</testsuite> <!-- createLeads.TC_01 -->
