<?xml version="1.0" encoding="UTF-8"?>
<!-- Generated by org.testng.reporters.JUnitReportReporter -->
<testsuite hostname="KESHRI" failures="0" tests="3" name="practice12.testNgPractice" time="0.018" errors="0" timestamp="2025-02-22T20:08:22 IST" skipped="0">
  <testcase classname="practice12.testNgPractice" name="resultTest" time="0.001"/>
  <system-out/>
  <testcase classname="practice12.testNgPractice" name="addA" time="0.014"/>
  <system-out/>
  <testcase classname="practice12.testNgPractice" name="addB" time="0.003"/>
  <system-out/>
</testsuite> <!-- practice12.testNgPractice -->
