<?xml version="1.0" encoding="UTF-8"?>
<!-- Generated by org.testng.reporters.JUnitReportReporter -->
<testsuite hostname="KESHRI" failures="0" tests="1" name="practice12.CreateOrgTest" time="30.211" errors="0" timestamp="2025-01-14T21:29:35 IST" skipped="0">
  <testcase classname="practice12.CreateOrgTest" name="iamMethod" time="30.211"/>
  <system-out/>
</testsuite> <!-- practice12.CreateOrgTest -->
