<?xml version="1.0" encoding="UTF-8"?>
<!-- Generated by org.testng.reporters.JUnitReportReporter -->
<testsuite hostname="KESHRI" failures="0" tests="1" name="practice12.PracticeTestNGA" time="0.011" errors="0" timestamp="2025-01-14T15:45:29 IST" skipped="0">
  <testcase classname="practice12.PracticeTestNGA" name="E" time="0.011"/>
  <system-out/>
</testsuite> <!-- practice12.PracticeTestNGA -->
